<?xml version="1.0" encoding="utf-8"?><testsuites><testsuite name="pytest" errors="0" failures="0" skipped="0" tests="21" time="0.730" timestamp="2025-02-17T12:51:26.934830-06:00" hostname="Nathanaels-MacBook-Pro"><testcase classname="tests.test_hook_flags" name="test_get_hook_flags" time="0.003" /><testcase classname="tests.test_hook_flags" name="test_has_all_flags" time="0.001" /><testcase classname="tests.test_hook_flags" name="test_has_before_intialize_flag" time="0.001" /><testcase classname="tests.test_hook_flags" name="test_has_after_intialize_flag" time="0.001" /><testcase classname="tests.test_hook_flags" name="test_has_before_add_liquidity_flag" time="0.001" /><testcase classname="tests.test_hook_flags" name="test_has_after_add_liquidity_flag" time="0.001" /><testcase classname="tests.test_hook_flags" name="test_has_before_remove_liquidity_flag" time="0.001" /><testcase classname="tests.test_hook_flags" name="test_has_after_remove_liquidity_flag" time="0.001" /><testcase classname="tests.test_hook_flags" name="test_has_before_swap_flag" time="0.001" /><testcase classname="tests.test_hook_flags" name="test_has_after_swap_flag" time="0.001" /><testcase classname="tests.test_hook_flags" name="test_has_before_donate_flag" time="0.001" /><testcase classname="tests.test_hook_flags" name="test_has_after_donate_flag" time="0.001" /><testcase classname="tests.test_hook_flags" name="test_has_before_swap_returns_delta_flag" time="0.001" /><testcase classname="tests.test_hook_flags" name="test_has_after_swap_returns_delta_flag" time="0.001" /><testcase classname="tests.test_hook_flags" name="test_has_before_add_liquidity_returns_delta_flag" time="0.001" /><testcase classname="tests.test_hook_flags" name="test_has_after_add_liquidity_returns_delta_flag" time="0.001" /><testcase classname="tests.test_tick_math" name="test_price_at_tick" time="0.001" /><testcase classname="tests.test_tick_math" name="test_get_sqrt_price_at_tick" time="0.001" /><testcase classname="tests.test_tick_math" name="test_get_sqrt_pricex96_at_tick" time="0.001" /><testcase classname="tests.test_tick_math" name="test_get_tick_at_sqrt_price" time="0.002" /><testcase classname="tests.test_tick_math" name="test_get_tick_from_sqrtx96" time="0.001" /></testsuite></testsuites>